<?xml version="1.0" encoding="UTF-8"?>
<!-- Generated by org.testng.reporters.JUnitXMLReporter -->
<testsuite ignored="0" hostname="LAPTOP-GLAJOS1C" failures="1" tests="1" name="Surefire test" time="154.337" errors="0" timestamp="2026-06-11T22:14:34 IST">
  <testcase classname="io.cucumber.testng.AbstractTestNGCucumberTests" name="runScenario" time="150.615">
    <failure type="java.lang.RuntimeException" message="Unexpected result for screenshot command: null">
      <![CDATA[java.lang.RuntimeException: Unexpected result for screenshot command: null
at org.openqa.selenium.remote.RemoteWebDriver.getScreenshotAs(RemoteWebDriver.java:355)
at utilities.MyScreenshotsManager.captureScreenshot(MyScreenshotsManager.java:20)
at stepDefinitions.CommonStepsElements.useristutorialspointpage(CommonStepsElements.java:50)
at ✽.user is on tutorials point page(file:///C:/SeleniumProject2026/SeleniumTutorialsPoint2025/src/test/resources/features/SelectMenu.feature:4)
]]>
    </failure>
  </testcase> <!-- runScenario -->
</testsuite> <!-- Surefire test -->
