<?xml version="1.0" encoding="UTF-8"?>
<testsuite xmlns:xsi="http://www.w3.org/2001/XMLSchema-instance" xsi:noNamespaceSchemaLocation="https://maven.apache.org/surefire/maven-surefire-plugin/xsd/surefire-test-report-3.0.xsd" version="3.0" name="TestSuite" time="83.062" tests="1" errors="0" skipped="0" failures="0">
  <properties>
[...]
</properties>
  <testcase name="runScenario[&quot;&quot;, &quot;Test Checkboxes Elements from Tutorials point&quot;](1)" classname="runner.TestRunner" time="78.361">
    <system-out><![CDATA[
@CheckBox1
&amp#27;[1mScenario:&amp#27;[22m                                           &amp#27;[90m# file:///C:/WorkspaceSeleniumUI/selniumUIProject/src/test/resources/features/CheckBox.feature:10&amp#27;[39m
Path is: C:\WorkspaceSeleniumUI\selniumUIProject/reports/screenshots/HomePage_20251101_2222010.png
2025-11-01T16:52:31.006030600Z TestNG-PoolService-1 ERROR Log4j API could not find a logging provider.
Name captured is: James
  &amp#27;[32m✔&amp#27;[39m &amp#27;[32m&amp#27;[1mGiven &amp#27;[22muser is on tutorials point page&amp#27;[39m           &amp#27;[90m# stepDefinitions.CommonStepsElements.useristutorialspointpage()&amp#27;[39m
  &amp#27;[32m✔&amp#27;[39m &amp#27;[32m&amp#27;[1mAnd &amp#27;[22muser expands Elements section from the page&amp#27;[39m &amp#27;[90m# stepDefinitions.CommonStepsElements.userexpandsElementssectionfromthepage()&amp#27;[39m
  &amp#27;[32m✔&amp#27;[39m &amp#27;[32m&amp#27;[1mWhen &amp#27;[22muser selects checkbox section&amp#27;[39m              &amp#27;[90m# stepDefinitions.ElementsCheckBoxSteps.userclicksonCheckBoxbutton()&amp#27;[39m
  &amp#27;[32m✔&amp#27;[39m &amp#27;[32m&amp#27;[1mThen &amp#27;[22muser selects level1 and level2 checkboxes&amp#27;[39m  &amp#27;[90m# stepDefinitions.ElementsCheckBoxSteps.userselectslevel1andlevel2checkboxes()&amp#27;[39m
  &amp#27;[32m✔&amp#27;[39m &amp#27;[32m&amp#27;[1mAnd &amp#27;[22muser closes the browser&amp#27;[39m                     &amp#27;[90m# stepDefinitions.CommonStepsElements.userclosesthebrowser()&amp#27;[39m
]]></system-out>
    <system-err><![CDATA[SLF4J(W): No SLF4J providers were found.
SLF4J(W): Defaulting to no-operation (NOP) logger implementation
SLF4J(W): See https://www.slf4j.org/codes.html#noProviders for further details.
]]></system-err>
  </testcase>
</testsuite>