<?xml version="1.0" encoding="UTF-8"?>
<!-- Generated by org.testng.reporters.JUnitReportReporter -->
<testsuite hostname="LAPTOP-GLAJOS1C" failures="0" tests="1" name="runner.TestRunner" time="150.615" errors="1" timestamp="2026-06-11T22:14:36 IST" skipped="0">
  <testcase classname="runner.TestRunner" name="runScenario" time="150.615">
    <error message="Unexpected result for screenshot command: null" type="java.lang.RuntimeException">
      <![CDATA[java.lang.RuntimeException: Unexpected result for screenshot command: null
at org.openqa.selenium.remote.RemoteWebDriver.getScreenshotAs(RemoteWebDriver.java:355)
at utilities.MyScreenshotsManager.captureScreenshot(MyScreenshotsManager.java:20)
at stepDefinitions.CommonStepsElements.useristutorialspointpage(CommonStepsElements.java:50)
at ✽.user is on tutorials point page(file:///C:/SeleniumProject2026/SeleniumTutorialsPoint2025/src/test/resources/features/SelectMenu.feature:4)
]]>
    </error>
  </testcase> <!-- runScenario -->
</testsuite> <!-- runner.TestRunner -->
